<?xml version="1.0" encoding="UTF-8"?>
<!-- Generated by org.testng.reporters.JUnitXMLReporter -->
<testsuite ignored="6" hostname="LAPTOP-Sachein" failures="0" tests="1" name="Default test" time="48.343" errors="0" timestamp="2023-06-18T23:02:38 IST">
  <testcase classname="testcomponent.SmokeTesting" name="test05" time="40.017"/>
  <testcase classname="testcomponent.SmokeTesting" name="test02" time="0.0">
    <ignored/>
  </testcase> <!-- test02 -->
  <testcase classname="testcomponent.SmokeTesting" name="test03" time="0.0">
    <ignored/>
  </testcase> <!-- test03 -->
  <testcase classname="testcomponent.SmokeTesting" name="test06" time="0.0">
    <ignored/>
  </testcase> <!-- test06 -->
  <testcase classname="testcomponent.SmokeTesting" name="test07" time="0.0">
    <ignored/>
  </testcase> <!-- test07 -->
  <testcase classname="testcomponent.SmokeTesting" name="test01" time="0.0">
    <ignored/>
  </testcase> <!-- test01 -->
  <testcase classname="testcomponent.SmokeTesting" name="test04" time="0.0">
    <ignored/>
  </testcase> <!-- test04 -->
</testsuite> <!-- Default test -->
