<?xml version="1.0" encoding="UTF-8"?>
<testng-results ignored="6" total="7" passed="1" failed="0" skipped="0">
  <reporter-output>
  </reporter-output>
  <suite started-at="2023-06-18T23:01:50 IST" name="Default suite" finished-at="2023-06-18T23:02:38 IST" duration-ms="48343">
    <groups>
    </groups>
    <test started-at="2023-06-18T23:01:50 IST" name="Default test" finished-at="2023-06-18T23:02:38 IST" duration-ms="48343">
      <class name="testcomponent.SmokeTesting">
        <test-method is-config="true" signature="beforesuite()[pri:0, instance:testcomponent.SmokeTesting@4c402120]" started-at="2023-06-18T23:01:50 IST" name="beforesuite" finished-at="2023-06-18T23:01:50 IST" duration-ms="189" status="PASS">
          <reporter-output>
          </reporter-output>
        </test-method> <!-- beforesuite -->
        <test-method is-config="true" signature="beforeTest()[pri:0, instance:testcomponent.SmokeTesting@4c402120]" started-at="2023-06-18T23:01:50 IST" name="beforeTest" finished-at="2023-06-18T23:01:58 IST" duration-ms="8277" status="PASS">
          <reporter-output>
          </reporter-output>
        </test-method> <!-- beforeTest -->
        <test-method signature="test05()[pri:0, instance:testcomponent.SmokeTesting@4c402120]" started-at="2023-06-18T23:01:58 IST" name="test05" finished-at="2023-06-18T23:02:38 IST" duration-ms="40017" status="PASS">
          <reporter-output>
          </reporter-output>
        </test-method> <!-- test05 -->
      </class> <!-- testcomponent.SmokeTesting -->
    </test> <!-- Default test -->
  </suite> <!-- Default suite -->
</testng-results>
