<?xml version="1.0" encoding="UTF-8"?>
<testng-results ignored="6" total="7" passed="1" failed="0" skipped="0">
  <reporter-output>
  </reporter-output>
  <suite started-at="2023-06-20T11:10:46 IST" name="Default suite" finished-at="2023-06-20T11:12:49 IST" duration-ms="123005">
    <groups>
    </groups>
    <test started-at="2023-06-20T11:10:46 IST" name="Default test" finished-at="2023-06-20T11:12:49 IST" duration-ms="123005">
      <class name="testcomponent.SmokeTesting">
        <test-method is-config="true" signature="beforesuite()[pri:0, instance:testcomponent.SmokeTesting@4c402120]" started-at="2023-06-20T11:10:46 IST" name="beforesuite" finished-at="2023-06-20T11:10:46 IST" duration-ms="268" status="PASS">
          <reporter-output>
          </reporter-output>
        </test-method> <!-- beforesuite -->
        <test-method is-config="true" signature="beforeTest()[pri:0, instance:testcomponent.SmokeTesting@4c402120]" started-at="2023-06-20T11:10:46 IST" name="beforeTest" finished-at="2023-06-20T11:10:59 IST" duration-ms="12786" status="PASS">
          <reporter-output>
          </reporter-output>
        </test-method> <!-- beforeTest -->
        <test-method signature="test06()[pri:0, instance:testcomponent.SmokeTesting@4c402120]" started-at="2023-06-20T11:10:59 IST" name="test06" finished-at="2023-06-20T11:12:49 IST" duration-ms="110166" status="PASS">
          <reporter-output>
          </reporter-output>
        </test-method> <!-- test06 -->
      </class> <!-- testcomponent.SmokeTesting -->
    </test> <!-- Default test -->
  </suite> <!-- Default suite -->
</testng-results>
